This file contains any messages produced by compilers while
running configure, to aid debugging if configure makes a mistake.

It was created by configure, which was
generated by GNU Autoconf 2.61.  Invocation command line was

  $ ./configure --no-create --no-recursion

## --------- ##
## Platform. ##
## --------- ##

hostname = thepackage
uname -m = x86_64
uname -r = 2.6.27-14-generic
uname -s = Linux
uname -v = #1 SMP Fri Mar 13 19:54:51 UTC 2009

/usr/bin/uname -p = unknown
/bin/uname -X     = unknown

/bin/arch              = unknown
/usr/bin/arch -k       = unknown
/usr/convex/getsysinfo = unknown
/usr/bin/hostinfo      = unknown
/bin/machine           = unknown
/usr/bin/oslevel       = unknown
/bin/universe          = unknown

PATH: /home/brphelps/My_Documents/ARM_Atmel_Sam7X256/gnuarm-3.4.3/bin/
PATH: /home/brphelps/bin
PATH: /usr/local/sbin
PATH: /usr/local/bin
PATH: /usr/sbin
PATH: /usr/bin
PATH: /sbin
PATH: /bin
PATH: /usr/games
PATH: /usr/local/bin/


## ----------- ##
## Core tests. ##
## ----------- ##

configure:1793: checking for a BSD-compatible install
configure:1849: result: /usr/bin/install -c
configure:1860: checking whether build environment is sane
configure:1903: result: yes
configure:1931: checking for a thread-safe mkdir -p
configure:1970: result: /bin/mkdir -p
configure:1983: checking for gawk
configure:1999: found /usr/bin/gawk
configure:2010: result: gawk
configure:2021: checking whether make sets $(MAKE)
configure:2042: result: yes
configure:2278: checking for gcc
configure:2294: found /usr/bin/gcc
configure:2305: result: gcc
configure:2543: checking for C compiler version
configure:2550: gcc --version >&5
gcc (Ubuntu 4.3.2-1ubuntu12) 4.3.2
Copyright (C) 2008 Free Software Foundation, Inc.
This is free software; see the source for copying conditions.  There is NO
warranty; not even for MERCHANTABILITY or FITNESS FOR A PARTICULAR PURPOSE.

configure:2553: $? = 0
configure:2560: gcc -v >&5
Using built-in specs.
Target: x86_64-linux-gnu
Configured with: ../src/configure -v --with-pkgversion='Ubuntu 4.3.2-1ubuntu12' --with-bugurl=file:///usr/share/doc/gcc-4.3/README.Bugs --enable-languages=c,c++,fortran,objc,obj-c++ --prefix=/usr --enable-shared --with-system-zlib --libexecdir=/usr/lib --without-included-gettext --enable-threads=posix --enable-nls --with-gxx-include-dir=/usr/include/c++/4.3 --program-suffix=-4.3 --enable-clocale=gnu --enable-libstdcxx-debug --enable-objc-gc --enable-mpfr --enable-checking=release --build=x86_64-linux-gnu --host=x86_64-linux-gnu --target=x86_64-linux-gnu
Thread model: posix
gcc version 4.3.2 (Ubuntu 4.3.2-1ubuntu12) 
configure:2563: $? = 0
configure:2570: gcc -V >&5
gcc: '-V' option must have argument
configure:2573: $? = 1
configure:2596: checking for C compiler default output file name
configure:2623: gcc    conftest.c  >&5
configure:2626: $? = 0
configure:2664: result: a.out
configure:2681: checking whether the C compiler works
configure:2691: ./a.out
configure:2694: $? = 0
configure:2711: result: yes
configure:2718: checking whether we are cross compiling
configure:2720: result: no
configure:2723: checking for suffix of executables
configure:2730: gcc -o conftest    conftest.c  >&5
configure:2733: $? = 0
configure:2757: result: 
configure:2763: checking for suffix of object files
configure:2789: gcc -c   conftest.c >&5
configure:2792: $? = 0
configure:2815: result: o
configure:2819: checking whether we are using the GNU C compiler
configure:2848: gcc -c   conftest.c >&5
configure:2854: $? = 0
configure:2871: result: yes
configure:2876: checking whether gcc accepts -g
configure:2906: gcc -c -g  conftest.c >&5
configure:2912: $? = 0
configure:3011: result: yes
configure:3028: checking for gcc option to accept ISO C89
configure:3102: gcc  -c -g -O2  conftest.c >&5
configure:3108: $? = 0
configure:3131: result: none needed
configure:3160: checking for style of include used by make
configure:3188: result: GNU
configure:3213: checking dependency style of gcc
configure:3304: result: gcc3
configure:3332: checking for a BSD-compatible install
configure:3388: result: /usr/bin/install -c
configure:3522: creating ./config.status
configure:4733: checking for cos in -lm
configure:4768: gcc -o conftest -g -O2   conftest.c -lm   >&5
conftest.c:17: warning: conflicting types for built-in function 'cos'
configure:4774: $? = 0
configure:4792: result: yes
configure:4808: checking for fftw_create_plan in -lfftw
configure:4843: gcc -o conftest -g -O2   conftest.c -lfftw  -lm  >&5
configure:4849: $? = 0
configure:4867: result: yes
configure:4931: checking for pkg-config
configure:4949: found /usr/bin/pkg-config
configure:4961: result: /usr/bin/pkg-config
configure:4990: checking pkg-config is at least version 0.9.0
configure:4993: result: yes
configure:5004: checking for GTK
configure:5012: $PKG_CONFIG --exists --print-errors "gtk+-2.0"
configure:5015: $? = 0
configure:5030: $PKG_CONFIG --exists --print-errors "gtk+-2.0"
configure:5033: $? = 0
configure:5069: result: yes
configure:5075: checking for PANGO
configure:5083: $PKG_CONFIG --exists --print-errors "pango"
configure:5086: $? = 0
configure:5101: $PKG_CONFIG --exists --print-errors "pango"
configure:5104: $? = 0
configure:5140: result: yes
configure:5146: checking for CAIRO
configure:5154: $PKG_CONFIG --exists --print-errors "cairo"
configure:5157: $? = 0
configure:5172: $PKG_CONFIG --exists --print-errors "cairo"
configure:5175: $? = 0
configure:5211: result: yes
configure:5217: checking for LIBGLADE
configure:5225: $PKG_CONFIG --exists --print-errors "libglade-2.0"
configure:5228: $? = 0
configure:5243: $PKG_CONFIG --exists --print-errors "libglade-2.0"
configure:5246: $? = 0
configure:5282: result: yes
configure:5288: checking for GDK-2.0
configure:5353: result: yes
configure:5359: checking for GTKDATABOX
configure:5367: $PKG_CONFIG --exists --print-errors "gtkdatabox"
configure:5370: $? = 0
configure:5385: $PKG_CONFIG --exists --print-errors "gtkdatabox"
configure:5388: $? = 0
configure:5428: result: yes
configure:5434: checking for JACK
configure:5442: $PKG_CONFIG --exists --print-errors "jack"
configure:5445: $? = 0
configure:5460: $PKG_CONFIG --exists --print-errors "jack"
configure:5463: $? = 0
configure:5503: result: yes

## ---------------- ##
## Cache variables. ##
## ---------------- ##

ac_cv_c_compiler_gnu=yes
ac_cv_env_CAIRO_CFLAGS_set=
ac_cv_env_CAIRO_CFLAGS_value=
ac_cv_env_CAIRO_LIBS_set=
ac_cv_env_CAIRO_LIBS_value=
ac_cv_env_CC_set=
ac_cv_env_CC_value=
ac_cv_env_CFLAGS_set=
ac_cv_env_CFLAGS_value=
ac_cv_env_CPPFLAGS_set=
ac_cv_env_CPPFLAGS_value=
ac_cv_env_GTKDATABOX_CFLAGS_set=
ac_cv_env_GTKDATABOX_CFLAGS_value=
ac_cv_env_GTKDATABOX_LIBS_set=
ac_cv_env_GTKDATABOX_LIBS_value=
ac_cv_env_GTK_CFLAGS_set=
ac_cv_env_GTK_CFLAGS_value=
ac_cv_env_GTK_LIBS_set=
ac_cv_env_GTK_LIBS_value=
ac_cv_env_JACK_CFLAGS_set=
ac_cv_env_JACK_CFLAGS_value=
ac_cv_env_JACK_LIBS_set=
ac_cv_env_JACK_LIBS_value=
ac_cv_env_LDFLAGS_set=
ac_cv_env_LDFLAGS_value=
ac_cv_env_LIBGLADE_CFLAGS_set=
ac_cv_env_LIBGLADE_CFLAGS_value=
ac_cv_env_LIBGLADE_LIBS_set=
ac_cv_env_LIBGLADE_LIBS_value=
ac_cv_env_LIBS_set=
ac_cv_env_LIBS_value=
ac_cv_env_PANGO_CFLAGS_set=
ac_cv_env_PANGO_CFLAGS_value=
ac_cv_env_PANGO_LIBS_set=
ac_cv_env_PANGO_LIBS_value=
ac_cv_env_PKG_CONFIG_set=
ac_cv_env_PKG_CONFIG_value=
ac_cv_env_build_alias_set=
ac_cv_env_build_alias_value=
ac_cv_env_host_alias_set=
ac_cv_env_host_alias_value=
ac_cv_env_target_alias_set=
ac_cv_env_target_alias_value=
ac_cv_lib_fftw_fftw_create_plan=yes
ac_cv_lib_m_cos=yes
ac_cv_objext=o
ac_cv_path_ac_pt_PKG_CONFIG=/usr/bin/pkg-config
ac_cv_path_install='/usr/bin/install -c'
ac_cv_path_mkdir=/bin/mkdir
ac_cv_prog_AWK=gawk
ac_cv_prog_ac_ct_CC=gcc
ac_cv_prog_cc_c89=
ac_cv_prog_cc_g=yes
ac_cv_prog_make_make_set=yes
am_cv_CC_dependencies_compiler_type=gcc3
pkg_cv_CAIRO_CFLAGS='-I/usr/include/cairo -I/usr/include/pixman-1 -I/usr/include/freetype2 -I/usr/include/libpng12  '
pkg_cv_CAIRO_LIBS='-lcairo  '
pkg_cv_GTKDATABOX_CFLAGS='-I/usr/local/include -I/usr/include/gtk-2.0 -I/usr/include/pango-1.0 -I/usr/include/cairo -I/usr/lib/gtk-2.0/include -I/usr/include/atk-1.0 -I/usr/include/glib-2.0 -I/usr/lib/glib-2.0/include -I/usr/include/pixman-1 -I/usr/include/freetype2 -I/usr/include/libpng12  '
pkg_cv_GTKDATABOX_LIBS='-L/usr/local/lib -lgtkdatabox -lgtk-x11-2.0 -lgdk-x11-2.0 -latk-1.0 -lpangoft2-1.0 -lgdk_pixbuf-2.0 -lm -lpangocairo-1.0 -lgio-2.0 -lcairo -lpango-1.0 -lfreetype -lz -lfontconfig -lgobject-2.0 -lgmodule-2.0 -lglib-2.0  '
pkg_cv_GTK_CFLAGS='-I/usr/include/gtk-2.0 -I/usr/lib/gtk-2.0/include -I/usr/include/atk-1.0 -I/usr/include/cairo -I/usr/include/pango-1.0 -I/usr/include/glib-2.0 -I/usr/lib/glib-2.0/include -I/usr/include/pixman-1 -I/usr/include/freetype2 -I/usr/include/libpng12  '
pkg_cv_GTK_LIBS='-lgtk-x11-2.0 -lgdk-x11-2.0 -latk-1.0 -lpangoft2-1.0 -lgdk_pixbuf-2.0 -lm -lpangocairo-1.0 -lgio-2.0 -lcairo -lpango-1.0 -lfreetype -lz -lfontconfig -lgobject-2.0 -lgmodule-2.0 -lglib-2.0  '
pkg_cv_JACK_CFLAGS=' '
pkg_cv_JACK_LIBS='-ljack -lpthread -lrt  '
pkg_cv_LIBGLADE_CFLAGS='-I/usr/local/include/libglade-2.0 -I/usr/include/gtk-2.0 -I/usr/include/libxml2 -I/usr/lib/gtk-2.0/include -I/usr/include/atk-1.0 -I/usr/include/cairo -I/usr/include/pango-1.0 -I/usr/include/glib-2.0 -I/usr/lib/glib-2.0/include -I/usr/include/pixman-1 -I/usr/include/freetype2 -I/usr/include/libpng12  '
pkg_cv_LIBGLADE_LIBS='-L/usr/local/lib -lglade-2.0 -lgtk-x11-2.0 -lxml2 -lgdk-x11-2.0 -latk-1.0 -lpangoft2-1.0 -lgdk_pixbuf-2.0 -lm -lpangocairo-1.0 -lgio-2.0 -lcairo -lpango-1.0 -lfreetype -lz -lfontconfig -lgobject-2.0 -lgmodule-2.0 -lglib-2.0  '
pkg_cv_PANGO_CFLAGS='-I/usr/include/pango-1.0 -I/usr/include/glib-2.0 -I/usr/lib/glib-2.0/include  '
pkg_cv_PANGO_LIBS='-lpango-1.0 -lgobject-2.0 -lgmodule-2.0 -lglib-2.0  '

## ----------------- ##
## Output variables. ##
## ----------------- ##

ACLOCAL='${SHELL} /home/brphelps/BRP-PACU-Staging/git_tree/brp-pacu/missing --run aclocal-1.10'
AMDEPBACKSLASH='\'
AMDEP_FALSE='#'
AMDEP_TRUE=''
AMTAR='${SHELL} /home/brphelps/BRP-PACU-Staging/git_tree/brp-pacu/missing --run tar'
APPLE_FALSE=''
APPLE_TRUE='#'
AUTOCONF='${SHELL} /home/brphelps/BRP-PACU-Staging/git_tree/brp-pacu/missing --run autoconf'
AUTOHEADER='${SHELL} /home/brphelps/BRP-PACU-Staging/git_tree/brp-pacu/missing --run autoheader'
AUTOMAKE='${SHELL} /home/brphelps/BRP-PACU-Staging/git_tree/brp-pacu/missing --run automake-1.10'
AWK='gawk'
CAIRO_CFLAGS='-I/usr/include/cairo -I/usr/include/pixman-1 -I/usr/include/freetype2 -I/usr/include/libpng12  '
CAIRO_LIBS='-lcairo  '
CC='gcc'
CCDEPMODE='depmode=gcc3'
CFLAGS='-g -O2'
CPPFLAGS=''
CYGPATH_W='echo'
DEFS='-DHAVE_CONFIG_H'
DEPDIR='.deps'
ECHO_C=''
ECHO_N='-n'
ECHO_T=''
EXEEXT=''
GDK-2.0_CFLAGS='-2.0_CFLAGS'
GDK-2.0_LIBS='-2.0_LIBS'
GTKDATABOX_CFLAGS='-I/usr/local/include -I/usr/include/gtk-2.0 -I/usr/include/pango-1.0 -I/usr/include/cairo -I/usr/lib/gtk-2.0/include -I/usr/include/atk-1.0 -I/usr/include/glib-2.0 -I/usr/lib/glib-2.0/include -I/usr/include/pixman-1 -I/usr/include/freetype2 -I/usr/include/libpng12  '
GTKDATABOX_LIBS='-L/usr/local/lib -lgtkdatabox -lgtk-x11-2.0 -lgdk-x11-2.0 -latk-1.0 -lpangoft2-1.0 -lgdk_pixbuf-2.0 -lm -lpangocairo-1.0 -lgio-2.0 -lcairo -lpango-1.0 -lfreetype -lz -lfontconfig -lgobject-2.0 -lgmodule-2.0 -lglib-2.0  '
GTK_CFLAGS='-I/usr/include/gtk-2.0 -I/usr/lib/gtk-2.0/include -I/usr/include/atk-1.0 -I/usr/include/cairo -I/usr/include/pango-1.0 -I/usr/include/glib-2.0 -I/usr/lib/glib-2.0/include -I/usr/include/pixman-1 -I/usr/include/freetype2 -I/usr/include/libpng12  '
GTK_LIBS='-lgtk-x11-2.0 -lgdk-x11-2.0 -latk-1.0 -lpangoft2-1.0 -lgdk_pixbuf-2.0 -lm -lpangocairo-1.0 -lgio-2.0 -lcairo -lpango-1.0 -lfreetype -lz -lfontconfig -lgobject-2.0 -lgmodule-2.0 -lglib-2.0  '
INSTALL_DATA='${INSTALL} -m 644'
INSTALL_PROGRAM='${INSTALL}'
INSTALL_SCRIPT='${INSTALL}'
INSTALL_STRIP_PROGRAM='$(install_sh) -c -s'
JACK_CFLAGS=' '
JACK_LIBS='-ljack -lpthread -lrt  '
LDFLAGS=''
LIBGLADE_CFLAGS='-I/usr/local/include/libglade-2.0 -I/usr/include/gtk-2.0 -I/usr/include/libxml2 -I/usr/lib/gtk-2.0/include -I/usr/include/atk-1.0 -I/usr/include/cairo -I/usr/include/pango-1.0 -I/usr/include/glib-2.0 -I/usr/lib/glib-2.0/include -I/usr/include/pixman-1 -I/usr/include/freetype2 -I/usr/include/libpng12  '
LIBGLADE_LIBS='-L/usr/local/lib -lglade-2.0 -lgtk-x11-2.0 -lxml2 -lgdk-x11-2.0 -latk-1.0 -lpangoft2-1.0 -lgdk_pixbuf-2.0 -lm -lpangocairo-1.0 -lgio-2.0 -lcairo -lpango-1.0 -lfreetype -lz -lfontconfig -lgobject-2.0 -lgmodule-2.0 -lglib-2.0  '
LIBOBJS=''
LIBS='-lfftw -lm '
LTLIBOBJS=''
MAKEINFO='${SHELL} /home/brphelps/BRP-PACU-Staging/git_tree/brp-pacu/missing --run makeinfo'
OBJEXT='o'
PACKAGE='BRP_PACU'
PACKAGE_BUGREPORT=''
PACKAGE_NAME=''
PACKAGE_STRING=''
PACKAGE_TARNAME=''
PACKAGE_VERSION=''
PANGO_CFLAGS='-I/usr/include/pango-1.0 -I/usr/include/glib-2.0 -I/usr/lib/glib-2.0/include  '
PANGO_LIBS='-lpango-1.0 -lgobject-2.0 -lgmodule-2.0 -lglib-2.0  '
PATH_SEPARATOR=':'
PKG_CONFIG='/usr/bin/pkg-config'
PKG_CONFIG_PATH=''
SET_MAKE=''
SHELL='/bin/bash'
STRIP=''
VERSION='2.0.8'
ac_ct_CC='gcc'
am__fastdepCC_FALSE='#'
am__fastdepCC_TRUE=''
am__include='include'
am__isrc=''
am__leading_dot='.'
am__quote=''
am__tar='${AMTAR} chof - "$$tardir"'
am__untar='${AMTAR} xf -'
bindir='${exec_prefix}/bin'
build_alias=''
datadir='${datarootdir}'
datarootdir='${prefix}/share'
docdir='${datarootdir}/doc/${PACKAGE}'
dvidir='${docdir}'
exec_prefix='${prefix}'
host_alias=''
htmldir='${docdir}'
includedir='${prefix}/include'
infodir='${datarootdir}/info'
install_sh='$(SHELL) /home/brphelps/BRP-PACU-Staging/git_tree/brp-pacu/install-sh'
libdir='${exec_prefix}/lib'
libexecdir='${exec_prefix}/libexec'
localedir='${datarootdir}/locale'
localstatedir='${prefix}/var'
mandir='${datarootdir}/man'
mkdir_p='/bin/mkdir -p'
oldincludedir='/usr/include'
pdfdir='${docdir}'
prefix='/usr/local'
program_transform_name='s,x,x,'
psdir='${docdir}'
sbindir='${exec_prefix}/sbin'
sharedstatedir='${prefix}/com'
sysconfdir='${prefix}/etc'
target_alias=''

## ----------- ##
## confdefs.h. ##
## ----------- ##

#define PACKAGE_NAME ""
#define PACKAGE_TARNAME ""
#define PACKAGE_VERSION ""
#define PACKAGE_STRING ""
#define PACKAGE_BUGREPORT ""
#define PACKAGE "BRP_PACU"
#define VERSION "2.0.8"
#define HAVE_LIBM 1
#define HAVE_LIBFFTW 1

configure: exit 0

## ---------------------- ##
## Running config.status. ##
## ---------------------- ##

This file was extended by config.status, which was
generated by GNU Autoconf 2.61.  Invocation command line was

  CONFIG_FILES    = 
  CONFIG_HEADERS  = 
  CONFIG_LINKS    = 
  CONFIG_COMMANDS = 
  $ ./config.status 

on thepackage

config.status:635: creating Makefile
config.status:635: creating config.h
config.status:851: config.h is unchanged
config.status:898: executing depfiles commands

## ---------------------- ##
## Running config.status. ##
## ---------------------- ##

This file was extended by config.status, which was
generated by GNU Autoconf 2.61.  Invocation command line was

  CONFIG_FILES    = 
  CONFIG_HEADERS  = 
  CONFIG_LINKS    = 
  CONFIG_COMMANDS = 
  $ ./config.status config.h

on thepackage

config.status:635: creating config.h
config.status:851: config.h is unchanged
